<?xml version="1.0" encoding="UTF-8"?>
<testsuite name="lab0.Variant11Test" tests="5" skipped="0" failures="0" errors="0" timestamp="2024-10-31T19:39:57" hostname="DESKTOP-URL7K90" time="0.031">
  <properties/>
  <testcase name="switchTest[0](1, 1, SOUTH)" classname="lab0.Variant11Test" time="0.031"/>
  <testcase name="switchTest[1](2, 1, WEST)" classname="lab0.Variant11Test" time="0.0"/>
  <testcase name="switchTest[2](1, -1, NORTH)" classname="lab0.Variant11Test" time="0.0"/>
  <testcase name="switchTest[3](-1, 1, NORTH)" classname="lab0.Variant11Test" time="0.0"/>
  <testcase name="switchTest[4](2, 2, NORTH)" classname="lab0.Variant11Test" time="0.0"/>
  <system-out><![CDATA[]]></system-out>
  <system-err><![CDATA[]]></system-err>
</testsuite>
